d:\neheopengl\nehe opengl中文教程+源代码\opengl教程nehe源代码1-48\opengl教程_nehe_源代码_1-48\lesson19\debug\vc140.pdb
d:\neheopengl\nehe opengl中文教程+源代码\opengl教程nehe源代码1-48\opengl教程_nehe_源代码_1-48\lesson19\debug\vc140.idb
d:\neheopengl\nehe opengl中文教程+源代码\opengl教程nehe源代码1-48\opengl教程_nehe_源代码_1-48\lesson19\debug\lesson19.obj
d:\neheopengl\nehe opengl中文教程+源代码\opengl教程nehe源代码1-48\opengl教程_nehe_源代码_1-48\lesson19\debug\particletest1.obj
d:\neheopengl\nehe opengl中文教程+源代码\opengl教程nehe源代码1-48\opengl教程_nehe_源代码_1-48\lesson19\debug\particletest2.obj
d:\neheopengl\nehe opengl中文教程+源代码\opengl教程nehe源代码1-48\opengl教程_nehe_源代码_1-48\lesson19\debug\particles.obj
d:\neheopengl\nehe opengl中文教程+源代码\opengl教程nehe源代码1-48\opengl教程_nehe_源代码_1-48\lesson19\debug\starcross.obj
d:\neheopengl\nehe opengl中文教程+源代码\opengl教程nehe源代码1-48\opengl教程_nehe_源代码_1-48\lesson19\debug\butterfly.obj
d:\neheopengl\nehe opengl中文教程+源代码\opengl教程nehe源代码1-48\opengl教程_nehe_源代码_1-48\lesson19\debug\torchlight.obj
d:\neheopengl\nehe opengl中文教程+源代码\opengl教程nehe源代码1-48\opengl教程_nehe_源代码_1-48\lesson19\debug\flowertrees.obj
d:\neheopengl\nehe opengl中文教程+源代码\opengl教程nehe源代码1-48\opengl教程_nehe_源代码_1-48\lesson19\debug\meteorite.obj
d:\neheopengl\nehe opengl中文教程+源代码\opengl教程nehe源代码1-48\opengl教程_nehe_源代码_1-48\lesson19\debug\stars.obj
d:\neheopengl\nehe opengl中文教程+源代码\opengl教程nehe源代码1-48\opengl教程_nehe_源代码_1-48\lesson19\debug\lesson19.ilk
d:\neheopengl\nehe opengl中文教程+源代码\opengl教程nehe源代码1-48\opengl教程_nehe_源代码_1-48\lesson19\debug\lesson19.exe
d:\neheopengl\nehe opengl中文教程+源代码\opengl教程nehe源代码1-48\opengl教程_nehe_源代码_1-48\lesson19\debug\lesson19.pdb
d:\neheopengl\nehe opengl中文教程+源代码\opengl教程nehe源代码1-48\opengl教程_nehe_源代码_1-48\lesson19\.\debug\lesson19.exe
d:\neheopengl\nehe opengl中文教程+源代码\opengl教程nehe源代码1-48\opengl教程_nehe_源代码_1-48\lesson19\debug\lesson19.tlog\cl.command.1.tlog
d:\neheopengl\nehe opengl中文教程+源代码\opengl教程nehe源代码1-48\opengl教程_nehe_源代码_1-48\lesson19\debug\lesson19.tlog\cl.read.1.tlog
d:\neheopengl\nehe opengl中文教程+源代码\opengl教程nehe源代码1-48\opengl教程_nehe_源代码_1-48\lesson19\debug\lesson19.tlog\cl.write.1.tlog
d:\neheopengl\nehe opengl中文教程+源代码\opengl教程nehe源代码1-48\opengl教程_nehe_源代码_1-48\lesson19\debug\lesson19.tlog\link.command.1.tlog
d:\neheopengl\nehe opengl中文教程+源代码\opengl教程nehe源代码1-48\opengl教程_nehe_源代码_1-48\lesson19\debug\lesson19.tlog\link.read.1.tlog
d:\neheopengl\nehe opengl中文教程+源代码\opengl教程nehe源代码1-48\opengl教程_nehe_源代码_1-48\lesson19\debug\lesson19.tlog\link.write.1.tlog
